<?xml version="1.0" encoding="UTF-8"?>
<!-- Generated by org.testng.reporters.JUnitReportReporter -->
<testsuite skipped="0" hostname="DESKTOP-Q1BE982" name="org.testng.Handlingbuttons" tests="1" failures="0" timestamp="15 Sep 2022 13:02:11 GMT" time="15.974" errors="0">
  <testcase name="main" time="15.974" classname="org.testng.Handlingbuttons"/>
</testsuite> <!-- org.testng.Handlingbuttons -->
