<?xml version="1.0" encoding="UTF-8"?>
<!-- Generated by org.testng.reporters.JUnitReportReporter -->
<testsuite skipped="0" hostname="DESKTOP-Q1BE982" name="org.testng.HandlingFrames" tests="1" failures="0" timestamp="15 Sep 2022 13:10:36 GMT" time="20.703" errors="0">
  <testcase name="main" time="20.703" classname="org.testng.HandlingFrames"/>
</testsuite> <!-- org.testng.HandlingFrames -->
